### ISSUE TITLE
【C】EFLAGS寄存器

### ISSUE THREAD

**Issue by vieyahn2017** [vieyahn2017/goto#23]
详解EFLAGS寄存器（标志寄存器）
https://blog.csdn.net/qq_51196205/article/details/109347447

李耀辉@1

于 2020-10-30 19:35:00 发布

2711
 收藏 13
版权
我们都知道寄存器就相当于容器，是拿来存储数据的。标志寄存器它也是拿来存储数据的。
那他们有什么区别呢？
我们常用的寄存器，里面存的数据，都只有一个含义，而标志寄存器是按位起作用的，也就是说，它的每一位都有专门的含义，记录特定的信息。

重点把CF/PF/AF/ZF/SF/OF的位置记住，图上面有对应的序号

CF/PF/AF/ZF/SF/OF的位的解析
————————————————
版权声明：本文为CSDN博主「李耀辉@1」的原创文章，遵循CC 4.0 BY-SA版权协议，转载请附上原文出处链接及本声明。
原文链接：https://blog.csdn.net/qq_51196205/article/details/109347447

**Comment by vieyahn2017** [comment]
EFLAGS寄存器（标志寄存器）
1110 9 8 7 6 5 4 3 2 1 0
 O D I T S Z O A 0 P 1 C
 F F F F F F   F   F   F



CF/PF/AF/ZF/SF/OF的位的解析
进位标志CF（Carry Flag）
奇偶标志PF(Parity Flag)
辅助进位标志AF（Auxiliary Carry Flag)
零标志位ZF(Zero Flag)
符号标志SF（Sign Flag)
溢出标志OF(Overflow Flag)

**Comment by vieyahn2017** [comment]
Breakpoint 2, device_check_scsi3pr (mc=0x7fffffff9210, s=0x5555555cd630) at check.c:528
528     {
(gdb) c
Continuing.
[CDB:pt=80, mask=ea01]
[New LWP 3186239]
[LWP 3186239 exited]
SCSI-3PR: device /dev/mapper/36b44326100e947c1218639f1000011be supported

Thread 1 "mkfs.xfs2" hit Breakpoint 4, main (argc=<optimized out>, argv=0x7fffffffe448) at mkfs.c:968
968             if (ret < 0) {
(gdb) x/5i $pc
=> 0x55555555c3ac <main+284>:   test   %eax,%eax
   0x55555555c3ae <main+286>:   mov    %eax,%r14d
   0x55555555c3b1 <main+289>:   js     0x55555555c5cf <main+831>
   0x55555555c3b7 <main+295>:   mov    $0xfffffc18,%edi
   0x55555555c3bc <main+300>:   callq  0x555555589570 <set_oom_score_adj>

(gdb) i r
rax            0x0                 0
rbx            0x5555555cd630      93824992728624
rcx            0x0                 0
rdx            0x7ffff7e5c400      140737352418304
rsi            0x49                73
rdi            0x7fffffff68b0      140737488316592
rbp            0x7fffffff9210      0x7fffffff9210
rsp            0x7fffffff90b0      0x7fffffff90b0
r8             0x0                 0
r9             0xffffffff          4294967295
r10            0x5555555cd750      93824992728912
r11            0x0                 0
r12            0x7fffffffe448      140737488348232
r13            0x7fffffffe440      140737488348224
r14            0x0                 0
r15            0x0                 0
rip            0x55555555c3ac      0x55555555c3ac <main+284>
eflags         0x202               [ IF ]
cs             0x33                51
ss             0x2b                43
ds             0x0                 0
es             0x0                 0
fs             0x0                 0
gs             0x0                 0
(gdb) p ret=1
Left operand of assignment is not an lvalue.
(gdb) set $rax -1
warning: Expression is not an assignment (and might have no effect)
(gdb) set $rax=-1   【终于成功】【我理解的，这个device_check_scsi3pr调用之后，会把函数的返回值ret存在寄存器rax里面，但是存之前，这个ret的值不可改写。 存之后改写了没用。一定要在test   %eax,%eax   【一定要在这里 改寄存器的值】】

**Comment by vieyahn2017** [comment]
left operand of assignment is not an lvalue

lvalue required as left operand of assignment


也就是说，在C中，一个左值表达式，除了应用于一些特定的运算符时以外，在使用时会自动进行左值到右值的转换，并一直进行到无法再转换为止。因此，在C里表达式的值一定是右值（supermegaboy语），而且一定是不拥有可访问的存储的。在C++标准里也有类似的说法（飞雪提供）Whenever an lvalue appears in a context where an rvalue is expected, the lvalue is converted to an rvalue。

小结：
(1)定义和含义
     a) 左值是指具有对象类型或非空不完整类型的表达式。（关键是要可以引用到对象，也就是要可以拥有可访问的存储，l-location）
  b) 右值（rvalue）是指表达式的值。（在C里表达式的值一定是右值；在期待右值时，左值会自动转化为右值。r-read）
(2)依据下述规则来判断左值：
  a) “通过非函数类型声明的非类型标识符”都是左值
  b) 每种运算符都规定了它的运算结果是否左值。
(3)常见规则
  a) 下列运算符的操作数要求左值：Sizeof运算符, 取地址运算符 & , ++ 运算符, -- 运算符，赋值 = 运算符的左侧，成员 . 运算符的左侧。
  b) 间接运算符*的运算结果是左值；取地址运算符&的运算结果是右值。
  c) 下列表达式不能产生lvalue: 数组名，函数，枚举常量，赋值表达式，强制类型转换（目标类型是引用时除外），函数调用。

**Comment by vieyahn2017** [comment]
终于弄清楚了

Breakpoint 3, main (argc=<optimized out>, argv=0x7fffffffe448) at mkfs.c:967
967             ret = device_check_scsi3pr(&mc, s);
(gdb) x/10i $pc
=> 0x55555555c3a1 <main+273>:   mov    %rbx,%rsi
   0x55555555c3a4 <main+276>:   mov    %rbp,%rdi
   0x55555555c3a7 <main+279>:   callq  0x555555565370 <device_check_scsi3pr>
   0x55555555c3ac <main+284>:   test   %eax,%eax    【test %eax, %eax是先将%eax和自己按位与，如果所得的结果>0,那么就跳转，否则继续执行下面的指令。】【test %eax,%eax 用于检查eax中寄存器的值是否为0】 
   0x55555555c3ae <main+286>:   mov    %eax,%r14d
   0x55555555c3b1 <main+289>:   js     0x55555555c5cf <main+831>   【JS，是jump if sign的缩写，是汇编语言条件转移指令。 有符号跳转。 SF(符号):符号标志位,如果运算结果为负数,SF=1则跳转, 反之若为正数SF=0 】
   0x55555555c3b7 <main+295>:   mov    $0xfffffc18,%edi
   0x55555555c3bc <main+300>:   callq  0x555555589570 <set_oom_score_adj>
   0x55555555c3c1 <main+305>:   mov    %rbx,%rdi
   0x55555555c3c4 <main+308>:   callq  0x5555555655a0 <device_mount_check>

**Comment by vieyahn2017** [comment]
###                                             TEST指令：
【简单理解就是，两个操作数做逻辑运算，然后按照对应规则修改标志位（标志位5-10个，很复杂不必细看）】

将两个操作数进行按位AND,设结果是TEMP
SF = 将结果的最高位赋给SF标志位，例如结果最高位是1，SF就是1
看TEMP是不是0
如果TEMP是0，ZF位置1
如果TEMP不是0，ZF位置0

PF = 将TEMP的低8位，从第0位开始，逐位取同或。也就是第0位与第1位的同或结果，去和第2位同或，结果再去和第3位同或....直到和第7位同或。

CF位置0
OF位置0

AF位是未定的，鬼知道是什么

下面我们来看看这么做是否合理：
SF位是符号位。对于有符号的数据，最高位正好是符号位，合理。
ZF位记录操作的结果是否是0， 合理。
PF位是奇偶校验位，如果结果低8位中1的个数是偶数，PF=1；否则PF=0.


### JS跳转指令：
JS，是jump if sign的缩写，是条件转移指令。
SF(符号):符号标志位,如果运算结果为负数,SF=1则跳转, 反之若为正数SF=0

**Comment by vieyahn2017** [comment]
其实：
理解了JS和标志位，上面的修改寄存器操作，可以更直接：

直接修改eflags寄存器即可。


参考下面的演示：

【这下面的演示跟第二节不同，因为是在我自测环境，
device_check_scsi3pr会成功，
我手动修改eflags寄存器，让其不成功】



修改之前的原始值  eflags         0x246               [ PF ZF IF ] 
SF标志位不存在（为0） JS不会跳转

我修改eflags，让JS跳转
>>> bin(0x246)
'0b1001000110'

把其中的SF位修改为1
>>> hex(0b1011000110)
'0x2c6'



(gdb) x/10i $pc
=> 0x55555555c3ae <main+286>:   mov    %eax,%r14d
   0x55555555c3b1 <main+289>:   js     0x55555555c5cf <main+831>
   0x55555555c3b7 <main+295>:   mov    $0xfffffc18,%edi
   0x55555555c3bc <main+300>:   callq  0x555555589570 <set_oom_score_adj>
   0x55555555c3c1 <main+305>:   mov    %rbx,%rdi
   0x55555555c3c4 <main+308>:   callq  0x5555555655a0 <device_mount_check>
   0x55555555c3c9 <main+313>:   test   %eax,%eax
   0x55555555c3cb <main+315>:   mov    %eax,%r14d
   0x55555555c3ce <main+318>:   js     0x55555555c8ff <main+1647>
   0x55555555c3d4 <main+324>:   mov    $0x10,%esi
(gdb) ni
968             if (ret < 0) {
(gdb) x/10i $pc
=> 0x55555555c3b1 <main+289>:   js     0x55555555c5cf <main+831>
   0x55555555c3b7 <main+295>:   mov    $0xfffffc18,%edi
   0x55555555c3bc <main+300>:   callq  0x555555589570 <set_oom_score_adj>
   0x55555555c3c1 <main+305>:   mov    %rbx,%rdi
   0x55555555c3c4 <main+308>:   callq  0x5555555655a0 <device_mount_check>
   0x55555555c3c9 <main+313>:   test   %eax,%eax
   0x55555555c3cb <main+315>:   mov    %eax,%r14d
   0x55555555c3ce <main+318>:   js     0x55555555c8ff <main+1647>
   0x55555555c3d4 <main+324>:   mov    $0x10,%esi
   0x55555555c3d9 <main+329>:   mov    %rbx,%rdi
(gdb) i r
rax            0x0                 0
rbx            0x5555555cd630      93824992728624
rcx            0x0                 0
rdx            0x7ffff7e5c400      140737352418304
rsi            0x49                73
rdi            0x7fffffff68b0      140737488316592
rbp            0x7fffffff9210      0x7fffffff9210
rsp            0x7fffffff90b0      0x7fffffff90b0
r8             0x0                 0
r9             0xffffffff          4294967295
r10            0x5555555cd750      93824992728912
r11            0x0                 0
r12            0x7fffffffe448      140737488348232
r13            0x7fffffffe440      140737488348224
r14            0x0                 0
r15            0x0                 0
rip            0x55555555c3b1      0x55555555c3b1 <main+289>
eflags         0x246               [ PF ZF IF ]
cs             0x33                51
ss             0x2b                43
ds             0x0                 0
es             0x0                 0
fs             0x0                 0
gs             0x0                 0
(gdb) set $eflags=0x2c6
(gdb) i r
rax            0x0                 0
rbx            0x5555555cd630      93824992728624
rcx            0x0                 0
rdx            0x7ffff7e5c400      140737352418304
rsi            0x49                73
rdi            0x7fffffff68b0      140737488316592
rbp            0x7fffffff9210      0x7fffffff9210
rsp            0x7fffffff90b0      0x7fffffff90b0
r8             0x0                 0
r9             0xffffffff          4294967295
r10            0x5555555cd750      93824992728912
r11            0x0                 0
r12            0x7fffffffe448      140737488348232
r13            0x7fffffffe440      140737488348224
r14            0x0                 0
r15            0x0                 0
rip            0x55555555c3b1      0x55555555c3b1 <main+289>
eflags         0x2c6               [ PF ZF SF IF ]
cs             0x33                51
ss             0x2b                43
ds             0x0                 0
es             0x0                 0
fs             0x0                 0
gs             0x0                 0
(gdb) ni
fprintf (__fmt=0x5555555943c9 "%s: check scsi3-pr failed\n", __stream=<optimized out>)
    at /usr/include/bits/stdio2.h:100
100       return __fprintf_chk (__stream, __USE_FORTIFY_LEVEL - 1, __fmt,
(gdb) c
Continuing.
mkfs.xfs2: check scsi3-pr failed
[Inferior 1 (process 3617800) exited normally]

**Comment by vieyahn2017** [comment]
disassemble            ----反编译一下当前函数


利用gdb反汇编指定函数
gdb -batch -ex 'file mkfs.ext4' -ex 'disassemble main'   >  mkfs_main.S

**Comment by vieyahn2017** [comment]
以脚本的方式操作更便捷。

把上面的操作写成脚本，方便执行。具体如下：


cat disable_check_pr3.sh

set height unlimited
set args -b 4k -C 1M -J block64 -N 2 -T datafiles --fs-feature-level=max-features /dev/mapper/36b44326100e947c1218639f1000011be -x

b mkfs.c:968
commands
    x/5i $pc
    i r rax eflags
    set $rax=-1
    i r rax eflags
    c
end

r
q


===

执行效果如下：

linux-qBXXyj:/opt/uvp/vims # gdb -x "disable_check_pr3.sh"  mkfs.xfs2
GNU gdb (GDB) EulerOS 9.2-1.h1.eulerosv2r10
...
Reading symbols from mkfs.xfs2...
Reading symbols from /usr/lib/debug//usr/sbin/mkfs.xfs2-1.xxx.x86_64.debug...
Breakpoint 1 at 0x83ac: file mkfs.c, line 968.
...
mkfs.xfs2 1.8.6
[CDB:pt=80, mask=ea01]
[New LWP 2221255]
[LWP 2221255 exited]
SCSI-3PR: device /dev/mapper/36b44326100e947c1218639f1000011be supported  【device_check_scsi3pr已经满足】

Thread 1 "mkfs.xfs2" hit Breakpoint 1, main (argc=<optimized out>, argv=0x7fffffffe438) at mkfs.c:968
968             if (ret < 0) {
=> 0x55555555c3ac <main+284>:   test   %eax,%eax
   0x55555555c3ae <main+286>:   mov    %eax,%r14d
   0x55555555c3b1 <main+289>:   js     0x55555555c5cf <main+831>
   0x55555555c3b7 <main+295>:   mov    $0xfffffc18,%edi
   0x55555555c3bc <main+300>:   callq  0x555555589570 <set_oom_score_adj>
rax            0x0                 0
eflags         0x202               [ IF ]
rax            0xffffffffffffffff  -1
eflags         0x202               [ IF ]
mkfs.xfs2: check scsi3-pr failed 【修改了寄存器，device_check_scsi3pr的结果被修改，打印日志并goto out】
[Inferior 1 (process 2221250) exited with code 0143]

**Comment by vieyahn2017** [comment]
https://github.com/vieyahn2017/goto/issues/23#issuecomment-2819893740

第二节的绕过device_check_scsi3pr，脚本应该如下：

enable_check_pr3.sh:
```
set height unlimited
set args -b 4k -C 1M -J block64 -N 2 -T datafiles --fs-feature-level=max-features /dev/mapper/36b44326100e947c1218639f1000011be -x

b mkfs.c:968
commands
    x/5i $pc
    i r rax eflags
    set $rax=1
    c
end
r
q
```
执行 gdb -x "enable_check_pr3.sh"  mkfs.xfs2 即可

其中需要注意的地方我都标出来了
断点位置mkfs.c:968
一定要是 if (ret < 0) {   这一行 【各个环境会因为版本差异而不同】

**Comment by vieyahn2017** [comment]
### 又来gdb强制修改寄存器了


一段c代码，在1071行  snprintf_s 报错


int unlink_by_fd(int fd)
{
    char fd_path[64];
    char filename[4096];
    ssize_t len;

    if (fd < 1) {
        return 1;
    }
// 1071行
    if (snprintf_s(fd_path, sizeof(fd_path), sizeof(fd_path), "/proc/self/fd/%d", fd)) {
        o2_fplog(stderr, "snprintf error\n");
        return 1;
    }

    len = readlink(fd_path, filename, sizeof(filename) - 1);
    if (len == -1) {
        o2_fplog(stderr, "readlink error\n");
        return 1;
    }
    filename[len] = '\0';

    if (unlink(filename) == -1) {
        o2_fplog(stderr, "unlink error\n");
        return 1;
    }

    o2_fplog(stdout, "%s: Temp file %s deleted successfully.", filename);
    return 0;
}



又要重新提代码，重新编译。
我就想gdb绕过这里，再往下执行。怎么办

**Comment by vieyahn2017** [comment]
先设置1071行为断点
b 1071

然后x/10i $pc 查看当前的pc指令，如图

Breakpoint 2, unlink_by_fd (fd=6) at o2image.xef.c:1071
1071        if (snprintf_s(fd_path, sizeof(fd_path), sizeof(fd_path), "/proc/self/fd/%d", fd)) {
(gdb) x/10i $pc
=> 0x555555558d32 <unlink_by_fd+50>:    mov    %rsp,%rbp
   0x555555558d35 <unlink_by_fd+53>:    mov    %rbp,%rdi
   0x555555558d38 <unlink_by_fd+56>:    call   0x555555557120 <snprintf_s@plt>
   0x555555558d3d <unlink_by_fd+61>:    test   %eax,%eax
   0x555555558d3f <unlink_by_fd+63>:    jne    0x555555558df0 <unlink_by_fd+240>
   0x555555558d45 <unlink_by_fd+69>:    lea    0x40(%rsp),%rbx
   0x555555558d4a <unlink_by_fd+74>:    mov    $0xfe,%edx
   0x555555558d4f <unlink_by_fd+79>:    mov    %rbp,%rdi
   0x555555558d52 <unlink_by_fd+82>:    mov    %eax,%r12d
   0x555555558d55 <unlink_by_fd+85>:    mov    %rbx,%rsi

其中call snprintf_s
然后test   %eax,%eax
再jne到一个地方
基本上就跟c代码那个 判断返回值再return对应上了

执行ni 以汇编指令的方式单步执行，
执行到snprintf_s之后，手动把eax寄存器改了，就能达到绕过的效果了

(gdb) ni
0x0000555555558d35      1071        if (snprintf_s(fd_path, sizeof(fd_path), sizeof(fd_path), "/proc/self/fd/%d", fd)) {
(gdb) ni
0x0000555555558d38      1071        if (snprintf_s(fd_path, sizeof(fd_path), sizeof(fd_path), "/proc/self/fd/%d", fd)) {
(gdb) p $eax
$11 = 0
(gdb) ni
0x0000555555558d3d      1071        if (snprintf_s(fd_path, sizeof(fd_path), sizeof(fd_path), "/proc/self/fd/%d", fd)) {
(gdb) p $eax
$12 = 15
(gdb) set $eax=0
(gdb) ni
0x0000555555558d3f      1071        if (snprintf_s(fd_path, sizeof(fd_path), sizeof(fd_path), "/proc/self/fd/%d", fd)) {
(gdb) p $eax
$13 = 0
(gdb) ni
0x0000555555558d45 in readlink (__len=<optimized out>, __buf=<optimized out>, __path=<optimized out>) at /usr/include/bits/unistd.h:161
161       return __readlink_alias (__path, __buf, __len);
(gdb) i lo
No locals.
(gdb) i ar
__len = <optimized out>
__buf = <optimized out>
__path = <optimized out>

可以看到，确实往下执行了，已经在执行后面的代码rendlink了

(gdb) bt
#0  0x0000555555558d45 in readlink (__len=<optimized out>, __buf=<optimized out>, __path=<optimized out>)
    at /usr/include/bits/unistd.h:161
#1  unlink_by_fd (fd=<optimized out>) at o2image.xef.c:1076
#2  0x000055555555a788 in unlink_by_fd (fd=<optimized out>) at o2image.xef.c:1067
#3  o2image_refine_get_offset (image_file=<optimized out>, i_info=<optimized out>, flag=<optimized out>,
    recover_flag=1, offset_info=<optimized out>) at o2image.xef.c:738
#4  0x0000555555557ab1 in main (argc=-7568, argv=<optimized out>) at o2image.xef.c:1153
(gdb) f 1
#1  unlink_by_fd (fd=<optimized out>) at o2image.xef.c:1076
1076        len = readlink(fd_path, filename, sizeof(filename) - 1);
(gdb) i lo
fd_path = "/proc/self/fd/6\000` \000\000\000\000\000\000\273w\274\367\377\177\000\000\004\002\000\000\001\000\000\000\002\000\000\000\000\000\000\000\020", '\000' <repeats 14 times>
filename = "|\000\061\070\070\064\064\071\000\377\060\255\266\372A|h\nH\036\001\000\000\000\001\000\000\000\000\000\000\000p\342\377\377\377\177\000\000\000\000\000\000\000\000\000\000@sZUUU\000\000\330\340\377\377\377\177\000\000\000\000\000\000\000\000\000\000\253\245\304\367\377\177\000\000\030\000\000\000\060\000\000\000`\340\377\377\377\177\000\000\240\337\377\377\377\177\000\000\000\377\060\255\266\372A|\340\340\377\377\377\177\000\000S\234\274\367\377\177\000\000!\340\002\000\000\000\000\000\037\000\000\000\000\000\000\000\000\262\\UUU\000\000\000\000\000\000\000\000\000\000\"\000\000\000\000\000\000\000\000\377\060\255\266\372A|%\000\000\000\000\000\000\000P\377\377\377\377\377\377\377", '\000' <repeats 16 times>...
len = <optimized out>
__FUNCTION__ = "unlink_by_fd"
(gdb) i ar
fd = <optimized out>

(gdb) c
Continuing.

Program received signal SIGSEGV, Segmentation fault.
0x00007ffff7cac43d in ?? () from /usr/lib64/libc.so.6

当然后面再出什么错，也是正常的，毕竟前面强制改了一波寄存器


。

然后查看效果，是往后面执行生效了的，
那个函数里的readlink和unlink是执行了的
（我用gdb绕过那个，也是为了在不改代码重出包的前提下，验证后面的unlink功能）=== 【完美达成】
